{"uuid":"5bdf9d58-7947-427c-9c95-95070c9fac65","historyId":"e6e26730c6e29ea5d5d1dba9d33c3af4","fullName":"Automate the DemoWebShop: User first able to Register the DemoWebShop","labels":[{"name":"tag","value":"Registration"},{"name":"host","value":"QT-INBG-LT0454"},{"name":"thread","value":"8988@QT-INBG-LT0454.main(1)"},{"name":"feature","value":"Automate the DemoWebShop"},{"name":"story","value":"User first able to Register the DemoWebShop"},{"name":"suite","value":"Automate the DemoWebShop"},{"name":"testClass","value":"User first able to Register the DemoWebShop"},{"name":"framework","value":"cucumber5jvm"},{"name":"language","value":"java"},{"name":"gherkin_uri","value":"file:///C:/Users/gowtham.n/IdeaProjects/Automation_Revision/src/test/java/featureFile/DemoWenShop.feature"},{"name":"package","value":"src.test.java.featureFile.DemoWenShop_feature.Automate the DemoWebShop"}],"links":[],"name":"User first able to Register the DemoWebShop","status":"broken","statusDetails":{"known":false,"muted":false,"flaky":false,"message":"Unable to establish websocket connection to http://localhost:54345/devtools/browser/76aa4ae9-f84c-4a12-aa25-abc4dd48823a\nBuild info: version: '4.7.0', revision: '0a5b49d16f'\nSystem info: os.name: 'Windows 11', os.arch: 'amd64', os.version: '10.0', java.version: '17.0.7'\nDriver info: driver.version: ChromeDriver","trace":"org.openqa.selenium.remote.http.ConnectionFailedException: Unable to establish websocket connection to http://localhost:54345/devtools/browser/76aa4ae9-f84c-4a12-aa25-abc4dd48823a\nBuild info: version: '4.7.0', revision: '0a5b49d16f'\nSystem info: os.name: 'Windows 11', os.arch: 'amd64', os.version: '10.0', java.version: '17.0.7'\nDriver info: driver.version: ChromeDriver\r\n\tat org.openqa.selenium.remote.http.netty.NettyWebSocket.<init>(NettyWebSocket.java:102)\r\n\tat org.openqa.selenium.remote.http.netty.NettyWebSocket.lambda$create$3(NettyWebSocket.java:128)\r\n\tat org.openqa.selenium.remote.http.netty.NettyClient.openSocket(NettyClient.java:107)\r\n\tat org.openqa.selenium.devtools.Connection.<init>(Connection.java:77)\r\n\tat org.openqa.selenium.chromium.ChromiumDriver.lambda$new$2(ChromiumDriver.java:116)\r\n\tat java.base/java.util.Optional.map(Optional.java:260)\r\n\tat org.openqa.selenium.chromium.ChromiumDriver.<init>(ChromiumDriver.java:114)\r\n\tat org.openqa.selenium.chrome.ChromeDriver.<init>(ChromeDriver.java:81)\r\n\tat org.openqa.selenium.chrome.ChromeDriver.<init>(ChromeDriver.java:70)\r\n\tat seleniumCommands.SeleniumCommands.launchDemoWebShop(SeleniumCommands.java:16)\r\n\tat stepDefination.Stepdefination.user_launch_the_Application(Stepdefination.java:12)\r\n\tat ✽.User launch the Application(file:///C:/Users/gowtham.n/IdeaProjects/Automation_Revision/src/test/java/featureFile/DemoWenShop.feature:4)\r\n"},"stage":"finished","steps":[{"name":"Given  User launch the Application","status":"broken","statusDetails":{"known":false,"muted":false,"flaky":false,"message":"Unable to establish websocket connection to http://localhost:54345/devtools/browser/76aa4ae9-f84c-4a12-aa25-abc4dd48823a\nBuild info: version: '4.7.0', revision: '0a5b49d16f'\nSystem info: os.name: 'Windows 11', os.arch: 'amd64', os.version: '10.0', java.version: '17.0.7'\nDriver info: driver.version: ChromeDriver","trace":"org.openqa.selenium.remote.http.ConnectionFailedException: Unable to establish websocket connection to http://localhost:54345/devtools/browser/76aa4ae9-f84c-4a12-aa25-abc4dd48823a\nBuild info: version: '4.7.0', revision: '0a5b49d16f'\nSystem info: os.name: 'Windows 11', os.arch: 'amd64', os.version: '10.0', java.version: '17.0.7'\nDriver info: driver.version: ChromeDriver\r\n\tat org.openqa.selenium.remote.http.netty.NettyWebSocket.<init>(NettyWebSocket.java:102)\r\n\tat org.openqa.selenium.remote.http.netty.NettyWebSocket.lambda$create$3(NettyWebSocket.java:128)\r\n\tat org.openqa.selenium.remote.http.netty.NettyClient.openSocket(NettyClient.java:107)\r\n\tat org.openqa.selenium.devtools.Connection.<init>(Connection.java:77)\r\n\tat org.openqa.selenium.chromium.ChromiumDriver.lambda$new$2(ChromiumDriver.java:116)\r\n\tat java.base/java.util.Optional.map(Optional.java:260)\r\n\tat org.openqa.selenium.chromium.ChromiumDriver.<init>(ChromiumDriver.java:114)\r\n\tat org.openqa.selenium.chrome.ChromeDriver.<init>(ChromeDriver.java:81)\r\n\tat org.openqa.selenium.chrome.ChromeDriver.<init>(ChromeDriver.java:70)\r\n\tat seleniumCommands.SeleniumCommands.launchDemoWebShop(SeleniumCommands.java:16)\r\n\tat stepDefination.Stepdefination.user_launch_the_Application(Stepdefination.java:12)\r\n\tat ✽.User launch the Application(file:///C:/Users/gowtham.n/IdeaProjects/Automation_Revision/src/test/java/featureFile/DemoWenShop.feature:4)\r\n"},"stage":"finished","steps":[],"attachments":[],"parameters":[],"start":1693141529276,"stop":1693141532152},{"name":"When  User is able to give the PersonalDetails and Create the Password such as \"Male\" \"Rakshith\"","status":"skipped","statusDetails":{"known":false,"muted":false,"flaky":false},"stage":"finished","steps":[],"attachments":[],"parameters":[],"start":1693141532153,"stop":1693141532153},{"name":"And  and \"Shetty\" \"Charli777@gmail.com\" and  \"Charli777\" \"Charli777\"","status":"skipped","statusDetails":{"known":false,"muted":false,"flaky":false},"stage":"finished","steps":[],"attachments":[],"parameters":[],"start":1693141532154,"stop":1693141532154},{"name":"Then  Click on the Register button and Verify the Confirm message.","status":"skipped","statusDetails":{"known":false,"muted":false,"flaky":false},"stage":"finished","steps":[],"attachments":[],"parameters":[],"start":1693141532154,"stop":1693141532155},{"name":"And  Close the Application.","status":"skipped","statusDetails":{"known":false,"muted":false,"flaky":false},"stage":"finished","steps":[],"attachments":[],"parameters":[],"start":1693141532155,"stop":1693141532155}],"attachments":[],"parameters":[{"name":"Gender","value":"Male"},{"name":"FirstName","value":"Rakshith"},{"name":"LastName","value":"Shetty"},{"name":"Email","value":"Charli777@gmail.com"},{"name":"Password","value":"Charli777"},{"name":"ConfirmPassword","value":"Charli777"}],"start":1693141529274,"stop":1693141532158}