{"uuid":"996fa7ad-a49d-42d8-8d63-537b4eb3f12a","historyId":"e6e26730c6e29ea5d5d1dba9d33c3af4","fullName":"Automate the DemoWebShop: User first able to Register the DemoWebShop","labels":[{"name":"tag","value":"Registration"},{"name":"host","value":"QT-INBG-LT0454"},{"name":"thread","value":"18976@QT-INBG-LT0454.main(1)"},{"name":"feature","value":"Automate the DemoWebShop"},{"name":"story","value":"User first able to Register the DemoWebShop"},{"name":"suite","value":"Automate the DemoWebShop"},{"name":"testClass","value":"User first able to Register the DemoWebShop"},{"name":"framework","value":"cucumber5jvm"},{"name":"language","value":"java"},{"name":"gherkin_uri","value":"file:///C:/Users/gowtham.n/IdeaProjects/Automation_Revision/src/test/java/featureFile/DemoWenShop.feature"},{"name":"package","value":"src.test.java.featureFile.DemoWenShop_feature.Automate the DemoWebShop"}],"links":[],"name":"User first able to Register the DemoWebShop","status":"broken","statusDetails":{"known":false,"muted":false,"flaky":false,"message":"invalid argument\n  (Session info: chrome=116.0.5845.111)\nBuild info: version: '4.7.0', revision: '0a5b49d16f'\nSystem info: os.name: 'Windows 11', os.arch: 'amd64', os.version: '10.0', java.version: '17.0.7'\nDriver info: org.openqa.selenium.chrome.ChromeDriver\nCommand: [ccfed63b5ed2a2bb74e7239cf93ddf53, get {url=}]\nCapabilities {acceptInsecureCerts: false, browserName: chrome, browserVersion: 116.0.5845.111, chrome: {chromedriverVersion: 116.0.5845.96 (1a3918166880..., userDataDir: C:\\Users\\gowtham.n\\AppData\\...}, fedcm:accounts: true, goog:chromeOptions: {debuggerAddress: localhost:57427}, networkConnectionEnabled: false, pageLoadStrategy: normal, platformName: WINDOWS, proxy: Proxy(), se:cdp: ws://localhost:57427/devtoo..., se:cdpVersion: 116.0.5845.111, setWindowRect: true, strictFileInteractability: false, timeouts: {implicit: 0, pageLoad: 300000, script: 30000}, unhandledPromptBehavior: dismiss and notify, webauthn:extension:credBlob: true, webauthn:extension:largeBlob: true, webauthn:extension:minPinLength: true, webauthn:extension:prf: true, webauthn:virtualAuthenticators: true}\nSession ID: ccfed63b5ed2a2bb74e7239cf93ddf53","trace":"org.openqa.selenium.InvalidArgumentException: invalid argument\n  (Session info: chrome=116.0.5845.111)\nBuild info: version: '4.7.0', revision: '0a5b49d16f'\nSystem info: os.name: 'Windows 11', os.arch: 'amd64', os.version: '10.0', java.version: '17.0.7'\nDriver info: org.openqa.selenium.chrome.ChromeDriver\nCommand: [ccfed63b5ed2a2bb74e7239cf93ddf53, get {url=}]\nCapabilities {acceptInsecureCerts: false, browserName: chrome, browserVersion: 116.0.5845.111, chrome: {chromedriverVersion: 116.0.5845.96 (1a3918166880..., userDataDir: C:\\Users\\gowtham.n\\AppData\\...}, fedcm:accounts: true, goog:chromeOptions: {debuggerAddress: localhost:57427}, networkConnectionEnabled: false, pageLoadStrategy: normal, platformName: WINDOWS, proxy: Proxy(), se:cdp: ws://localhost:57427/devtoo..., se:cdpVersion: 116.0.5845.111, setWindowRect: true, strictFileInteractability: false, timeouts: {implicit: 0, pageLoad: 300000, script: 30000}, unhandledPromptBehavior: dismiss and notify, webauthn:extension:credBlob: true, webauthn:extension:largeBlob: true, webauthn:extension:minPinLength: true, webauthn:extension:prf: true, webauthn:virtualAuthenticators: true}\nSession ID: ccfed63b5ed2a2bb74e7239cf93ddf53\r\n\tat java.base/jdk.internal.reflect.NativeConstructorAccessorImpl.newInstance0(Native Method)\r\n\tat java.base/jdk.internal.reflect.NativeConstructorAccessorImpl.newInstance(NativeConstructorAccessorImpl.java:77)\r\n\tat java.base/jdk.internal.reflect.DelegatingConstructorAccessorImpl.newInstance(DelegatingConstructorAccessorImpl.java:45)\r\n\tat java.base/java.lang.reflect.Constructor.newInstanceWithCaller(Constructor.java:499)\r\n\tat java.base/java.lang.reflect.Constructor.newInstance(Constructor.java:480)\r\n\tat org.openqa.selenium.remote.codec.w3c.W3CHttpResponseCodec.createException(W3CHttpResponseCodec.java:200)\r\n\tat org.openqa.selenium.remote.codec.w3c.W3CHttpResponseCodec.decode(W3CHttpResponseCodec.java:133)\r\n\tat org.openqa.selenium.remote.codec.w3c.W3CHttpResponseCodec.decode(W3CHttpResponseCodec.java:53)\r\n\tat org.openqa.selenium.remote.HttpCommandExecutor.execute(HttpCommandExecutor.java:184)\r\n\tat org.openqa.selenium.remote.service.DriverCommandExecutor.invokeExecute(DriverCommandExecutor.java:167)\r\n\tat org.openqa.selenium.remote.service.DriverCommandExecutor.execute(DriverCommandExecutor.java:142)\r\n\tat org.openqa.selenium.remote.RemoteWebDriver.execute(RemoteWebDriver.java:541)\r\n\tat org.openqa.selenium.remote.RemoteWebDriver.get(RemoteWebDriver.java:310)\r\n\tat Utilities.BaseClass.launchDemoWebShop(BaseClass.java:20)\r\n\tat stepDefination.Stepdefination.user_launch_the_Application(Stepdefination.java:15)\r\n\tat ✽.User launch the Application(file:///C:/Users/gowtham.n/IdeaProjects/Automation_Revision/src/test/java/featureFile/DemoWenShop.feature:4)\r\n"},"stage":"finished","steps":[{"name":"Given  User launch the Application","status":"broken","statusDetails":{"known":false,"muted":false,"flaky":false,"message":"invalid argument\n  (Session info: chrome=116.0.5845.111)\nBuild info: version: '4.7.0', revision: '0a5b49d16f'\nSystem info: os.name: 'Windows 11', os.arch: 'amd64', os.version: '10.0', java.version: '17.0.7'\nDriver info: org.openqa.selenium.chrome.ChromeDriver\nCommand: [ccfed63b5ed2a2bb74e7239cf93ddf53, get {url=}]\nCapabilities {acceptInsecureCerts: false, browserName: chrome, browserVersion: 116.0.5845.111, chrome: {chromedriverVersion: 116.0.5845.96 (1a3918166880..., userDataDir: C:\\Users\\gowtham.n\\AppData\\...}, fedcm:accounts: true, goog:chromeOptions: {debuggerAddress: localhost:57427}, networkConnectionEnabled: false, pageLoadStrategy: normal, platformName: WINDOWS, proxy: Proxy(), se:cdp: ws://localhost:57427/devtoo..., se:cdpVersion: 116.0.5845.111, setWindowRect: true, strictFileInteractability: false, timeouts: {implicit: 0, pageLoad: 300000, script: 30000}, unhandledPromptBehavior: dismiss and notify, webauthn:extension:credBlob: true, webauthn:extension:largeBlob: true, webauthn:extension:minPinLength: true, webauthn:extension:prf: true, webauthn:virtualAuthenticators: true}\nSession ID: ccfed63b5ed2a2bb74e7239cf93ddf53","trace":"org.openqa.selenium.InvalidArgumentException: invalid argument\n  (Session info: chrome=116.0.5845.111)\nBuild info: version: '4.7.0', revision: '0a5b49d16f'\nSystem info: os.name: 'Windows 11', os.arch: 'amd64', os.version: '10.0', java.version: '17.0.7'\nDriver info: org.openqa.selenium.chrome.ChromeDriver\nCommand: [ccfed63b5ed2a2bb74e7239cf93ddf53, get {url=}]\nCapabilities {acceptInsecureCerts: false, browserName: chrome, browserVersion: 116.0.5845.111, chrome: {chromedriverVersion: 116.0.5845.96 (1a3918166880..., userDataDir: C:\\Users\\gowtham.n\\AppData\\...}, fedcm:accounts: true, goog:chromeOptions: {debuggerAddress: localhost:57427}, networkConnectionEnabled: false, pageLoadStrategy: normal, platformName: WINDOWS, proxy: Proxy(), se:cdp: ws://localhost:57427/devtoo..., se:cdpVersion: 116.0.5845.111, setWindowRect: true, strictFileInteractability: false, timeouts: {implicit: 0, pageLoad: 300000, script: 30000}, unhandledPromptBehavior: dismiss and notify, webauthn:extension:credBlob: true, webauthn:extension:largeBlob: true, webauthn:extension:minPinLength: true, webauthn:extension:prf: true, webauthn:virtualAuthenticators: true}\nSession ID: ccfed63b5ed2a2bb74e7239cf93ddf53\r\n\tat java.base/jdk.internal.reflect.NativeConstructorAccessorImpl.newInstance0(Native Method)\r\n\tat java.base/jdk.internal.reflect.NativeConstructorAccessorImpl.newInstance(NativeConstructorAccessorImpl.java:77)\r\n\tat java.base/jdk.internal.reflect.DelegatingConstructorAccessorImpl.newInstance(DelegatingConstructorAccessorImpl.java:45)\r\n\tat java.base/java.lang.reflect.Constructor.newInstanceWithCaller(Constructor.java:499)\r\n\tat java.base/java.lang.reflect.Constructor.newInstance(Constructor.java:480)\r\n\tat org.openqa.selenium.remote.codec.w3c.W3CHttpResponseCodec.createException(W3CHttpResponseCodec.java:200)\r\n\tat org.openqa.selenium.remote.codec.w3c.W3CHttpResponseCodec.decode(W3CHttpResponseCodec.java:133)\r\n\tat org.openqa.selenium.remote.codec.w3c.W3CHttpResponseCodec.decode(W3CHttpResponseCodec.java:53)\r\n\tat org.openqa.selenium.remote.HttpCommandExecutor.execute(HttpCommandExecutor.java:184)\r\n\tat org.openqa.selenium.remote.service.DriverCommandExecutor.invokeExecute(DriverCommandExecutor.java:167)\r\n\tat org.openqa.selenium.remote.service.DriverCommandExecutor.execute(DriverCommandExecutor.java:142)\r\n\tat org.openqa.selenium.remote.RemoteWebDriver.execute(RemoteWebDriver.java:541)\r\n\tat org.openqa.selenium.remote.RemoteWebDriver.get(RemoteWebDriver.java:310)\r\n\tat Utilities.BaseClass.launchDemoWebShop(BaseClass.java:20)\r\n\tat stepDefination.Stepdefination.user_launch_the_Application(Stepdefination.java:15)\r\n\tat ✽.User launch the Application(file:///C:/Users/gowtham.n/IdeaProjects/Automation_Revision/src/test/java/featureFile/DemoWenShop.feature:4)\r\n"},"stage":"finished","steps":[],"attachments":[],"parameters":[],"start":1693148217246,"stop":1693148219860},{"name":"When  User is able to give the PersonalDetails and Create the Password such as \"Male\" \"Rakshith\"","status":"skipped","statusDetails":{"known":false,"muted":false,"flaky":false},"stage":"finished","steps":[],"attachments":[],"parameters":[],"start":1693148219861,"stop":1693148219861},{"name":"And  and \"Shetty\" \"Charli777@gmail.com\" and  \"Charli777\" \"Charli777\"","status":"skipped","statusDetails":{"known":false,"muted":false,"flaky":false},"stage":"finished","steps":[],"attachments":[],"parameters":[],"start":1693148219862,"stop":1693148219862},{"name":"Then  Click on the Register button and Verify the Confirm message.","status":"skipped","statusDetails":{"known":false,"muted":false,"flaky":false},"stage":"finished","steps":[],"attachments":[],"parameters":[],"start":1693148219862,"stop":1693148219862},{"name":"And  Close the Application.","status":"skipped","statusDetails":{"known":false,"muted":false,"flaky":false},"stage":"finished","steps":[],"attachments":[],"parameters":[],"start":1693148219863,"stop":1693148219863}],"attachments":[],"parameters":[{"name":"Gender","value":"Male"},{"name":"FirstName","value":"Rakshith"},{"name":"LastName","value":"Shetty"},{"name":"Email","value":"Charli777@gmail.com"},{"name":"Password","value":"Charli777"},{"name":"ConfirmPassword","value":"Charli777"}],"start":1693148217241,"stop":1693148219865}